# JRE version: Java(TM) SE Runtime Environment (17.0.4.1+1) (build 17.0.4.1+1-LTS-2)
# Java VM: Java HotSpot(TM) 64-Bit Server VM (17.0.4.1+1-LTS-2, mixed mode, sharing, tiered, compressed oops, compressed class ptrs, g1 gc, windows-amd64)
GC Precious Log:
 CPUs: 12 total, 12 available
 Memory: 6005M
 Large Page Support: Disabled
 NUMA Support: Disabled
 Compressed Oops: Enabled (32-bit)
 Heap Region Size: 1M
 Heap Min Capacity: 8M
 Heap Initial Capacity: 94M
 Heap Max Capacity: 1502M
 Pre-touch: Disabled
 Parallel Workers: 10
 Concurrent Workers: 3
 Concurrent Refinement Workers: 10
 Periodic GC: Disabled
Heap:
 garbage-first heap   total 234496K, used 142405K [0x00000000a2200000, 0x0000000100000000)
  region size 1024K, 5 young (5120K), 0 survivors (0K)
 Metaspace       used 29386K, committed 29760K, reserved 1081344K
  class space    used 3896K, committed 4032K, reserved 1048576K
GC Heap History (18 events):
Event: 1.044 GC heap before
{Heap before GC invocations=0 (full 0):
 garbage-first heap   total 96256K, used 22528K [0x00000000a2200000, 0x0000000100000000)
  region size 1024K, 23 young (23552K), 0 survivors (0K)
 Metaspace       used 6486K, committed 6784K, reserved 1056768K
  class space    used 739K, committed 896K, reserved 1048576K
}
Event: 1.051 GC heap after
{Heap after GC invocations=1 (full 0):
 garbage-first heap   total 96256K, used 5840K [0x00000000a2200000, 0x0000000100000000)
  region size 1024K, 3 young (3072K), 3 survivors (3072K)
 Metaspace       used 6486K, committed 6784K, reserved 1056768K
  class space    used 739K, committed 896K, reserved 1048576K
}
Event: 1.657 GC heap before
{Heap before GC invocations=1 (full 0):
 garbage-first heap   total 96256K, used 33488K [0x00000000a2200000, 0x0000000100000000)
  region size 1024K, 30 young (30720K), 3 survivors (3072K)
 Metaspace       used 12441K, committed 12672K, reserved 1064960K
  class space    used 1442K, committed 1536K, reserved 1048576K
}
Event: 1.667 GC heap after
{Heap after GC invocations=2 (full 0):
 garbage-first heap   total 96256K, used 8580K [0x00000000a2200000, 0x0000000100000000)
  region size 1024K, 3 young (3072K), 3 survivors (3072K)
 Metaspace       used 12441K, committed 12672K, reserved 1064960K
  class space    used 1442K, committed 1536K, reserved 1048576K
}
Event: 2.493 GC heap before
{Heap before GC invocations=2 (full 0):
 garbage-first heap   total 96256K, used 57732K [0x00000000a2200000, 0x0000000100000000)
  region size 1024K, 52 young (53248K), 3 survivors (3072K)
 Metaspace       used 18281K, committed 18624K, reserved 1073152K
  class space    used 2170K, committed 2304K, reserved 1048576K
}
Event: 2.497 GC heap after
{Heap after GC invocations=3 (full 0):
 garbage-first heap   total 96256K, used 12374K [0x00000000a2200000, 0x0000000100000000)
  region size 1024K, 7 young (7168K), 7 survivors (7168K)
 Metaspace       used 18281K, committed 18624K, reserved 1073152K
  class space    used 2170K, committed 2304K, reserved 1048576K
}
Event: 2.692 GC heap before
{Heap before GC invocations=3 (full 0):
 garbage-first heap   total 96256K, used 17494K [0x00000000a2200000, 0x0000000100000000)
  region size 1024K, 14 young (14336K), 7 survivors (7168K)
 Metaspace       used 21148K, committed 21504K, reserved 1073152K
  class space    used 2507K, committed 2688K, reserved 1048576K
}
Event: 2.696 GC heap after
{Heap after GC invocations=4 (full 0):
 garbage-first heap   total 96256K, used 13250K [0x00000000a2200000, 0x0000000100000000)
  region size 1024K, 2 young (2048K), 2 survivors (2048K)
 Metaspace       used 21148K, committed 21504K, reserved 1073152K
  class space    used 2507K, committed 2688K, reserved 1048576K
}
Event: 3.156 GC heap before
{Heap before GC invocations=5 (full 0):
 garbage-first heap   total 51200K, used 40898K [0x00000000a2200000, 0x0000000100000000)
  region size 1024K, 30 young (30720K), 2 survivors (2048K)
 Metaspace       used 25749K, committed 26240K, reserved 1073152K
  class space    used 3344K, committed 3584K, reserved 1048576K
}
Event: 3.159 GC heap after
{Heap after GC invocations=6 (full 0):
 garbage-first heap   total 51200K, used 14849K [0x00000000a2200000, 0x0000000100000000)
  region size 1024K, 3 young (3072K), 3 survivors (3072K)
 Metaspace       used 25749K, committed 26240K, reserved 1073152K
  class space    used 3344K, committed 3584K, reserved 1048576K
}
Event: 3.164 GC heap before
{Heap before GC invocations=6 (full 0):
 garbage-first heap   total 51200K, used 15873K [0x00000000a2200000, 0x0000000100000000)
  region size 1024K, 4 young (4096K), 3 survivors (3072K)
 Metaspace       used 25826K, committed 26304K, reserved 1073152K
  class space    used 3351K, committed 3584K, reserved 1048576K
}
Event: 3.166 GC heap after
{Heap after GC invocations=7 (full 0):
 garbage-first heap   total 51200K, used 15063K [0x00000000a2200000, 0x0000000100000000)
  region size 1024K, 1 young (1024K), 1 survivors (1024K)
 Metaspace       used 25826K, committed 26304K, reserved 1073152K
  class space    used 3351K, committed 3584K, reserved 1048576K
}
Event: 3.448 GC heap before
{Heap before GC invocations=7 (full 0):
 garbage-first heap   total 51200K, used 29399K [0x00000000a2200000, 0x0000000100000000)
  region size 1024K, 16 young (16384K), 1 survivors (1024K)
 Metaspace       used 28322K, committed 28736K, reserved 1081344K
  class space    used 3738K, committed 3904K, reserved 1048576K
}
Event: 3.451 GC heap after
{Heap after GC invocations=8 (full 0):
 garbage-first heap   total 51200K, used 16477K [0x00000000a2200000, 0x0000000100000000)
  region size 1024K, 2 young (2048K), 2 survivors (2048K)
 Metaspace       used 28322K, committed 28736K, reserved 1081344K
  class space    used 3738K, committed 3904K, reserved 1048576K
}
Event: 3.465 GC heap before
{Heap before GC invocations=8 (full 0):
 garbage-first heap   total 104448K, used 86109K [0x00000000a2200000, 0x0000000100000000)
  region size 1024K, 2 young (2048K), 2 survivors (2048K)
 Metaspace       used 28322K, committed 28736K, reserved 1081344K
  class space    used 3738K, committed 3904K, reserved 1048576K
}
Event: 3.466 GC heap after
{Heap after GC invocations=9 (full 0):
 garbage-first heap   total 104448K, used 86085K [0x00000000a2200000, 0x0000000100000000)
  region size 1024K, 0 young (0K), 0 survivors (0K)
 Metaspace       used 28322K, committed 28736K, reserved 1081344K
  class space    used 3738K, committed 3904K, reserved 1048576K
}
Event: 3.480 GC heap before
{Heap before GC invocations=9 (full 0):
 garbage-first heap   total 104448K, used 103493K [0x00000000a2200000, 0x0000000100000000)
  region size 1024K, 0 young (0K), 0 survivors (0K)
 Metaspace       used 28322K, committed 28736K, reserved 1081344K
  class space    used 3738K, committed 3904K, reserved 1048576K
}
Event: 3.481 GC heap after
{Heap after GC invocations=10 (full 0):
 garbage-first heap   total 104448K, used 103493K [0x00000000a2200000, 0x0000000100000000)
  region size 1024K, 0 young (0K), 0 survivors (0K)
 Metaspace       used 28322K, committed 28736K, reserved 1081344K
  class space    used 3738K, committed 3904K, reserved 1048576K
}

