# JRE version: Java(TM) SE Runtime Environment (17.0.4.1+1) (build 17.0.4.1+1-LTS-2)
# Java VM: Java HotSpot(TM) 64-Bit Server VM (17.0.4.1+1-LTS-2, mixed mode, sharing, tiered, compressed oops, compressed class ptrs, g1 gc, windows-amd64)
GC Precious Log:
 CPUs: 12 total, 12 available
 Memory: 6005M
 Large Page Support: Disabled
 NUMA Support: Disabled
 Compressed Oops: Enabled (32-bit)
 Heap Region Size: 1M
 Heap Min Capacity: 8M
 Heap Initial Capacity: 94M
 Heap Max Capacity: 1502M
 Pre-touch: Disabled
 Parallel Workers: 10
 Concurrent Workers: 3
 Concurrent Refinement Workers: 10
 Periodic GC: Disabled
Heap:
 garbage-first heap   total 72704K, used 44281K [0x00000000a2200000, 0x0000000100000000)
  region size 1024K, 14 young (14336K), 1 survivors (1024K)
 Metaspace       used 29404K, committed 29760K, reserved 1081344K
  class space    used 3709K, committed 3904K, reserved 1048576K
GC Heap History (12 events):
Event: 1.007 GC heap before
{Heap before GC invocations=0 (full 0):
 garbage-first heap   total 96256K, used 22528K [0x00000000a2200000, 0x0000000100000000)
  region size 1024K, 23 young (23552K), 0 survivors (0K)
 Metaspace       used 6485K, committed 6784K, reserved 1056768K
  class space    used 740K, committed 896K, reserved 1048576K
}
Event: 1.014 GC heap after
{Heap after GC invocations=1 (full 0):
 garbage-first heap   total 96256K, used 5920K [0x00000000a2200000, 0x0000000100000000)
  region size 1024K, 3 young (3072K), 3 survivors (3072K)
 Metaspace       used 6485K, committed 6784K, reserved 1056768K
  class space    used 740K, committed 896K, reserved 1048576K
}
Event: 1.527 GC heap before
{Heap before GC invocations=1 (full 0):
 garbage-first heap   total 96256K, used 32544K [0x00000000a2200000, 0x0000000100000000)
  region size 1024K, 29 young (29696K), 3 survivors (3072K)
 Metaspace       used 12386K, committed 12608K, reserved 1064960K
  class space    used 1443K, committed 1536K, reserved 1048576K
}
Event: 1.534 GC heap after
{Heap after GC invocations=2 (full 0):
 garbage-first heap   total 96256K, used 8417K [0x00000000a2200000, 0x0000000100000000)
  region size 1024K, 3 young (3072K), 3 survivors (3072K)
 Metaspace       used 12386K, committed 12608K, reserved 1064960K
  class space    used 1443K, committed 1536K, reserved 1048576K
}
Event: 2.379 GC heap before
{Heap before GC invocations=2 (full 0):
 garbage-first heap   total 96256K, used 45281K [0x00000000a2200000, 0x0000000100000000)
  region size 1024K, 41 young (41984K), 3 survivors (3072K)
 Metaspace       used 21242K, committed 21504K, reserved 1073152K
  class space    used 2531K, committed 2688K, reserved 1048576K
}
Event: 2.386 GC heap after
{Heap after GC invocations=3 (full 0):
 garbage-first heap   total 96256K, used 12999K [0x00000000a2200000, 0x0000000100000000)
  region size 1024K, 7 young (7168K), 7 survivors (7168K)
 Metaspace       used 21242K, committed 21504K, reserved 1073152K
  class space    used 2531K, committed 2688K, reserved 1048576K
}
Event: 2.966 GC heap before
{Heap before GC invocations=4 (full 0):
 garbage-first heap   total 48128K, used 34503K [0x00000000a2200000, 0x0000000100000000)
  region size 1024K, 28 young (28672K), 7 survivors (7168K)
 Metaspace       used 26592K, committed 26880K, reserved 1073152K
  class space    used 3283K, committed 3392K, reserved 1048576K
}
Event: 2.972 GC heap after
{Heap after GC invocations=5 (full 0):
 garbage-first heap   total 48128K, used 14705K [0x00000000a2200000, 0x0000000100000000)
  region size 1024K, 2 young (2048K), 2 survivors (2048K)
 Metaspace       used 26592K, committed 26880K, reserved 1073152K
  class space    used 3283K, committed 3392K, reserved 1048576K
}
Event: 2.992 GC heap before
{Heap before GC invocations=5 (full 0):
 garbage-first heap   total 48128K, used 15729K [0x00000000a2200000, 0x0000000100000000)
  region size 1024K, 3 young (3072K), 2 survivors (2048K)
 Metaspace       used 26787K, committed 27072K, reserved 1073152K
  class space    used 3318K, committed 3456K, reserved 1048576K
}
Event: 2.996 GC heap after
{Heap after GC invocations=6 (full 0):
 garbage-first heap   total 48128K, used 14845K [0x00000000a2200000, 0x0000000100000000)
  region size 1024K, 1 young (1024K), 1 survivors (1024K)
 Metaspace       used 26787K, committed 27072K, reserved 1073152K
  class space    used 3318K, committed 3456K, reserved 1048576K
}
Event: 3.018 GC heap before
{Heap before GC invocations=6 (full 0):
 garbage-first heap   total 48128K, used 14845K [0x00000000a2200000, 0x0000000100000000)
  region size 1024K, 2 young (2048K), 1 survivors (1024K)
 Metaspace       used 26930K, committed 27200K, reserved 1073152K
  class space    used 3337K, committed 3456K, reserved 1048576K
}
Event: 3.019 GC heap after
{Heap after GC invocations=7 (full 0):
 garbage-first heap   total 72704K, used 14585K [0x00000000a2200000, 0x0000000100000000)
  region size 1024K, 1 young (1024K), 1 survivors (1024K)
 Metaspace       used 26930K, committed 27200K, reserved 1073152K
  class space    used 3337K, committed 3456K, reserved 1048576K
}

